0 info it worked if it ends with ok
1 verbose cli [ 'C:\\Program Files\\nodejs\\node.exe',
1 verbose cli   'C:\\Program Files\\nodejs\\node_modules\\npm\\bin\\npm-cli.js',
1 verbose cli   'install',
1 verbose cli   './test' ]
2 info using npm@3.3.12
3 info using node@v5.1.0
4 silly loadCurrentTree Starting
5 silly install loadCurrentTree
6 silly install readLocalPackageData
7 silly fetchPackageMetaData ./test
8 silly fetchOtherPackageData ./test
9 silly cache add args [ './test', null ]
10 verbose cache add spec ./test
11 silly cache add parsed spec Result {
11 silly cache add   raw: './test',
11 silly cache add   scope: null,
11 silly cache add   name: null,
11 silly cache add   rawSpec: './test',
11 silly cache add   spec: 'C:\\Users\\Mike\\Documents\\All Gits\\commandline--conquer\\test',
11 silly cache add   type: 'local' }
12 error addLocal Could not install C:\Users\Mike\Documents\All Gits\commandline--conquer\test
13 silly fetchPackageMetaData Error: ENOENT: no such file or directory, open 'C:\Users\Mike\Documents\All Gits\commandline--conquer\test'
13 silly fetchPackageMetaData     at Error (native)
13 silly fetchPackageMetaData  error for ./test { [Error: ENOENT: no such file or directory, open 'C:\Users\Mike\Documents\All Gits\commandline--conquer\test']
13 silly fetchPackageMetaData   errno: -4058,
13 silly fetchPackageMetaData   code: 'ENOENT',
13 silly fetchPackageMetaData   syscall: 'open',
13 silly fetchPackageMetaData   path: 'C:\\Users\\Mike\\Documents\\All Gits\\commandline--conquer\\test' }
14 silly rollbackFailedOptional Starting
15 silly rollbackFailedOptional Finishing
16 silly runTopLevelLifecycles Starting
17 silly runTopLevelLifecycles Finishing
18 silly install printInstalled
19 verbose stack Error: ENOENT: no such file or directory, open 'C:\Users\Mike\Documents\All Gits\commandline--conquer\test'
19 verbose stack     at Error (native)
20 verbose cwd C:\Users\Mike\Documents\All Gits\commandline--conquer
21 error Windows_NT 6.1.7601
22 error argv "C:\\Program Files\\nodejs\\node.exe" "C:\\Program Files\\nodejs\\node_modules\\npm\\bin\\npm-cli.js" "install" "./test"
23 error node v5.1.0
24 error npm  v3.3.12
25 error path C:\Users\Mike\Documents\All Gits\commandline--conquer\test
26 error code ENOENT
27 error errno -4058
28 error syscall open
29 error enoent ENOENT: no such file or directory, open 'C:\Users\Mike\Documents\All Gits\commandline--conquer\test'
29 error enoent This is most likely not a problem with npm itself
29 error enoent and is related to npm not being able to find a file.
30 verbose exit [ -4058, true ]
